# JRE version: OpenJDK Runtime Environment (17.0.6) (build 17.0.6+0-b2043.56-10027231)
# Java VM: OpenJDK 64-Bit Server VM (17.0.6+0-b2043.56-10027231, mixed mode, tiered, compressed oops, compressed class ptrs, g1 gc, windows-amd64)
GC Precious Log:
 CPUs: 8 total, 8 available
 Memory: 16265M
 Large Page Support: Disabled
 NUMA Support: Disabled
 Compressed Oops: Enabled (Zero based)
 Heap Region Size: 2M
 Heap Min Capacity: 8M
 Heap Initial Capacity: 256M
 Heap Max Capacity: 4068M
 Pre-touch: Disabled
 Parallel Workers: 8
 Concurrent Workers: 2
 Concurrent Refinement Workers: 8
 Periodic GC: Disabled
Heap:
 garbage-first heap   total 190464K, used 100725K [0x0000000701c00000, 0x0000000800000000)
  region size 2048K, 5 young (10240K), 4 survivors (8192K)
 Metaspace       used 60537K, committed 60800K, reserved 1105920K
  class space    used 6860K, committed 6976K, reserved 1048576K
GC Heap History (20 events):
Event: 4.783 GC heap before
{Heap before GC invocations=12 (full 0):
 garbage-first heap   total 90112K, used 63014K [0x0000000701c00000, 0x0000000800000000)
  region size 2048K, 15 young (30720K), 3 survivors (6144K)
 Metaspace       used 45796K, committed 46016K, reserved 1097728K
  class space    used 5378K, committed 5504K, reserved 1048576K
}
Event: 4.801 GC heap after
{Heap after GC invocations=13 (full 0):
 garbage-first heap   total 90112K, used 48406K [0x0000000701c00000, 0x0000000800000000)
  region size 2048K, 2 young (4096K), 2 survivors (4096K)
 Metaspace       used 45796K, committed 46016K, reserved 1097728K
  class space    used 5378K, committed 5504K, reserved 1048576K
}
Event: 5.171 GC heap before
{Heap before GC invocations=13 (full 0):
 garbage-first heap   total 90112K, used 64790K [0x0000000701c00000, 0x0000000800000000)
  region size 2048K, 10 young (20480K), 2 survivors (4096K)
 Metaspace       used 47695K, committed 47936K, reserved 1097728K
  class space    used 5607K, committed 5696K, reserved 1048576K
}
Event: 5.183 GC heap after
{Heap after GC invocations=14 (full 0):
 garbage-first heap   total 141312K, used 50905K [0x0000000701c00000, 0x0000000800000000)
  region size 2048K, 2 young (4096K), 2 survivors (4096K)
 Metaspace       used 47695K, committed 47936K, reserved 1097728K
  class space    used 5607K, committed 5696K, reserved 1048576K
}
Event: 6.255 GC heap before
{Heap before GC invocations=15 (full 0):
 garbage-first heap   total 141312K, used 95961K [0x0000000701c00000, 0x0000000800000000)
  region size 2048K, 24 young (49152K), 2 survivors (4096K)
 Metaspace       used 52751K, committed 53056K, reserved 1097728K
  class space    used 6242K, committed 6400K, reserved 1048576K
}
Event: 6.271 GC heap after
{Heap after GC invocations=16 (full 0):
 garbage-first heap   total 141312K, used 59676K [0x0000000701c00000, 0x0000000800000000)
  region size 2048K, 3 young (6144K), 3 survivors (6144K)
 Metaspace       used 52751K, committed 53056K, reserved 1097728K
  class space    used 6242K, committed 6400K, reserved 1048576K
}
Event: 7.802 GC heap before
{Heap before GC invocations=16 (full 0):
 garbage-first heap   total 141312K, used 100636K [0x0000000701c00000, 0x0000000800000000)
  region size 2048K, 23 young (47104K), 3 survivors (6144K)
 Metaspace       used 54430K, committed 54720K, reserved 1097728K
  class space    used 6412K, committed 6528K, reserved 1048576K
}
Event: 7.834 GC heap after
{Heap after GC invocations=17 (full 0):
 garbage-first heap   total 141312K, used 69793K [0x0000000701c00000, 0x0000000800000000)
  region size 2048K, 3 young (6144K), 3 survivors (6144K)
 Metaspace       used 54430K, committed 54720K, reserved 1097728K
  class space    used 6412K, committed 6528K, reserved 1048576K
}
Event: 8.818 GC heap before
{Heap before GC invocations=17 (full 0):
 garbage-first heap   total 141312K, used 102561K [0x0000000701c00000, 0x0000000800000000)
  region size 2048K, 19 young (38912K), 3 survivors (6144K)
 Metaspace       used 55241K, committed 55616K, reserved 1105920K
  class space    used 6436K, committed 6592K, reserved 1048576K
}
Event: 8.843 GC heap after
{Heap after GC invocations=18 (full 0):
 garbage-first heap   total 141312K, used 76681K [0x0000000701c00000, 0x0000000800000000)
  region size 2048K, 3 young (6144K), 3 survivors (6144K)
 Metaspace       used 55241K, committed 55616K, reserved 1105920K
  class space    used 6436K, committed 6592K, reserved 1048576K
}
Event: 9.628 GC heap before
{Heap before GC invocations=19 (full 0):
 garbage-first heap   total 143360K, used 107401K [0x0000000701c00000, 0x0000000800000000)
  region size 2048K, 18 young (36864K), 3 survivors (6144K)
 Metaspace       used 55749K, committed 56064K, reserved 1105920K
  class space    used 6462K, committed 6592K, reserved 1048576K
}
Event: 9.643 GC heap after
{Heap after GC invocations=20 (full 0):
 garbage-first heap   total 143360K, used 83222K [0x0000000701c00000, 0x0000000800000000)
  region size 2048K, 3 young (6144K), 3 survivors (6144K)
 Metaspace       used 55749K, committed 56064K, reserved 1105920K
  class space    used 6462K, committed 6592K, reserved 1048576K
}
Event: 10.478 GC heap before
{Heap before GC invocations=20 (full 0):
 garbage-first heap   total 143360K, used 109846K [0x0000000701c00000, 0x0000000800000000)
  region size 2048K, 16 young (32768K), 3 survivors (6144K)
 Metaspace       used 56253K, committed 56576K, reserved 1105920K
  class space    used 6498K, committed 6656K, reserved 1048576K
}
Event: 10.494 GC heap after
{Heap after GC invocations=21 (full 0):
 garbage-first heap   total 143360K, used 87732K [0x0000000701c00000, 0x0000000800000000)
  region size 2048K, 2 young (4096K), 2 survivors (4096K)
 Metaspace       used 56253K, committed 56576K, reserved 1105920K
  class space    used 6498K, committed 6656K, reserved 1048576K
}
Event: 11.179 GC heap before
{Heap before GC invocations=22 (full 0):
 garbage-first heap   total 157696K, used 110260K [0x0000000701c00000, 0x0000000800000000)
  region size 2048K, 13 young (26624K), 2 survivors (4096K)
 Metaspace       used 59134K, committed 59456K, reserved 1105920K
  class space    used 6783K, committed 6912K, reserved 1048576K
}
Event: 11.192 GC heap after
{Heap after GC invocations=23 (full 0):
 garbage-first heap   total 157696K, used 91484K [0x0000000701c00000, 0x0000000800000000)
  region size 2048K, 2 young (4096K), 2 survivors (4096K)
 Metaspace       used 59134K, committed 59456K, reserved 1105920K
  class space    used 6783K, committed 6912K, reserved 1048576K
}
Event: 11.226 GC heap before
{Heap before GC invocations=23 (full 0):
 garbage-first heap   total 157696K, used 93532K [0x0000000701c00000, 0x0000000800000000)
  region size 2048K, 3 young (6144K), 2 survivors (4096K)
 Metaspace       used 59173K, committed 59456K, reserved 1105920K
  class space    used 6785K, committed 6912K, reserved 1048576K
}
Event: 11.233 GC heap after
{Heap after GC invocations=24 (full 0):
 garbage-first heap   total 190464K, used 90662K [0x0000000701c00000, 0x0000000800000000)
  region size 2048K, 1 young (2048K), 1 survivors (2048K)
 Metaspace       used 59173K, committed 59456K, reserved 1105920K
  class space    used 6785K, committed 6912K, reserved 1048576K
}
Event: 12.935 GC heap before
{Heap before GC invocations=24 (full 0):
 garbage-first heap   total 190464K, used 141862K [0x0000000701c00000, 0x0000000800000000)
  region size 2048K, 26 young (53248K), 1 survivors (2048K)
 Metaspace       used 60535K, committed 60800K, reserved 1105920K
  class space    used 6860K, committed 6976K, reserved 1048576K
}
Event: 12.956 GC heap after
{Heap after GC invocations=25 (full 0):
 garbage-first heap   total 190464K, used 100725K [0x0000000701c00000, 0x0000000800000000)
  region size 2048K, 4 young (8192K), 4 survivors (8192K)
 Metaspace       used 60535K, committed 60800K, reserved 1105920K
  class space    used 6860K, committed 6976K, reserved 1048576K
}

