# JRE version: OpenJDK Runtime Environment (17.0.6) (build 17.0.6+0-b2043.56-10027231)
# Java VM: OpenJDK 64-Bit Server VM (17.0.6+0-b2043.56-10027231, mixed mode, tiered, compressed oops, compressed class ptrs, g1 gc, windows-amd64)
GC Precious Log:
 CPUs: 8 total, 8 available
 Memory: 16265M
 Large Page Support: Disabled
 NUMA Support: Disabled
 Compressed Oops: Enabled (32-bit)
 Heap Region Size: 1M
 Heap Min Capacity: 8M
 Heap Initial Capacity: 256M
 Heap Max Capacity: 2G
 Pre-touch: Disabled
 Parallel Workers: 8
 Concurrent Workers: 2
 Concurrent Refinement Workers: 8
 Periodic GC: Disabled
Heap:
 garbage-first heap   total 372736K, used 165829K [0x0000000080000000, 0x0000000100000000)
  region size 1024K, 10 young (10240K), 10 survivors (10240K)
 Metaspace       used 131540K, committed 132416K, reserved 1171456K
  class space    used 17303K, committed 17728K, reserved 1048576K
GC Heap History (20 events):
Event: 48.917 GC heap after
{Heap after GC invocations=52 (full 0):
 garbage-first heap   total 243712K, used 193536K [0x0000000080000000, 0x0000000100000000)
  region size 1024K, 3 young (3072K), 3 survivors (3072K)
 Metaspace       used 122428K, committed 123264K, reserved 1163264K
  class space    used 16387K, committed 16832K, reserved 1048576K
}
Event: 49.136 GC heap before
{Heap before GC invocations=52 (full 0):
 garbage-first heap   total 243712K, used 207872K [0x0000000080000000, 0x0000000100000000)
  region size 1024K, 17 young (17408K), 3 survivors (3072K)
 Metaspace       used 122464K, committed 123328K, reserved 1163264K
  class space    used 16389K, committed 16832K, reserved 1048576K
}
Event: 49.143 GC heap after
{Heap after GC invocations=53 (full 0):
 garbage-first heap   total 365568K, used 195006K [0x0000000080000000, 0x0000000100000000)
  region size 1024K, 2 young (2048K), 2 survivors (2048K)
 Metaspace       used 122464K, committed 123328K, reserved 1163264K
  class space    used 16389K, committed 16832K, reserved 1048576K
}
Event: 49.874 GC heap before
{Heap before GC invocations=53 (full 0):
 garbage-first heap   total 365568K, used 305598K [0x0000000080000000, 0x0000000100000000)
  region size 1024K, 80 young (81920K), 2 survivors (2048K)
 Metaspace       used 123429K, committed 124224K, reserved 1163264K
  class space    used 16481K, committed 16896K, reserved 1048576K
}
Event: 49.890 GC heap after
{Heap after GC invocations=54 (full 0):
 garbage-first heap   total 365568K, used 206200K [0x0000000080000000, 0x0000000100000000)
  region size 1024K, 10 young (10240K), 10 survivors (10240K)
 Metaspace       used 123429K, committed 124224K, reserved 1163264K
  class space    used 16481K, committed 16896K, reserved 1048576K
}
Event: 50.021 GC heap before
{Heap before GC invocations=54 (full 0):
 garbage-first heap   total 365568K, used 215416K [0x0000000080000000, 0x0000000100000000)
  region size 1024K, 20 young (20480K), 10 survivors (10240K)
 Metaspace       used 124091K, committed 124928K, reserved 1163264K
  class space    used 16526K, committed 16960K, reserved 1048576K
}
Event: 50.031 GC heap after
{Heap after GC invocations=55 (full 0):
 garbage-first heap   total 365568K, used 208176K [0x0000000080000000, 0x0000000100000000)
  region size 1024K, 2 young (2048K), 2 survivors (2048K)
 Metaspace       used 124091K, committed 124928K, reserved 1163264K
  class space    used 16526K, committed 16960K, reserved 1048576K
}
Event: 50.711 GC heap before
{Heap before GC invocations=56 (full 0):
 garbage-first heap   total 372736K, used 288048K [0x0000000080000000, 0x0000000100000000)
  region size 1024K, 81 young (82944K), 2 survivors (2048K)
 Metaspace       used 126185K, committed 127104K, reserved 1163264K
  class space    used 16710K, committed 17152K, reserved 1048576K
}
Event: 50.720 GC heap after
{Heap after GC invocations=57 (full 0):
 garbage-first heap   total 372736K, used 212019K [0x0000000080000000, 0x0000000100000000)
  region size 1024K, 6 young (6144K), 6 survivors (6144K)
 Metaspace       used 126185K, committed 127104K, reserved 1163264K
  class space    used 16710K, committed 17152K, reserved 1048576K
}
Event: 50.760 GC heap before
{Heap before GC invocations=57 (full 0):
 garbage-first heap   total 372736K, used 223283K [0x0000000080000000, 0x0000000100000000)
  region size 1024K, 18 young (18432K), 6 survivors (6144K)
 Metaspace       used 126192K, committed 127104K, reserved 1163264K
  class space    used 16711K, committed 17152K, reserved 1048576K
}
Event: 50.776 GC heap after
{Heap after GC invocations=58 (full 0):
 garbage-first heap   total 372736K, used 182449K [0x0000000080000000, 0x0000000100000000)
  region size 1024K, 2 young (2048K), 2 survivors (2048K)
 Metaspace       used 126192K, committed 127104K, reserved 1163264K
  class space    used 16711K, committed 17152K, reserved 1048576K
}
Event: 50.846 GC heap before
{Heap before GC invocations=58 (full 0):
 garbage-first heap   total 372736K, used 197809K [0x0000000080000000, 0x0000000100000000)
  region size 1024K, 18 young (18432K), 2 survivors (2048K)
 Metaspace       used 126365K, committed 127232K, reserved 1163264K
  class space    used 16726K, committed 17152K, reserved 1048576K
}
Event: 50.855 GC heap after
{Heap after GC invocations=59 (full 0):
 garbage-first heap   total 372736K, used 179249K [0x0000000080000000, 0x0000000100000000)
  region size 1024K, 3 young (3072K), 3 survivors (3072K)
 Metaspace       used 126365K, committed 127232K, reserved 1163264K
  class space    used 16726K, committed 17152K, reserved 1048576K
}
Event: 51.463 GC heap before
{Heap before GC invocations=59 (full 0):
 garbage-first heap   total 372736K, used 289841K [0x0000000080000000, 0x0000000100000000)
  region size 1024K, 112 young (114688K), 3 survivors (3072K)
 Metaspace       used 128019K, committed 128896K, reserved 1163264K
  class space    used 16911K, committed 17344K, reserved 1048576K
}
Event: 51.475 GC heap after
{Heap after GC invocations=60 (full 0):
 garbage-first heap   total 372736K, used 184320K [0x0000000080000000, 0x0000000100000000)
  region size 1024K, 7 young (7168K), 7 survivors (7168K)
 Metaspace       used 128019K, committed 128896K, reserved 1163264K
  class space    used 16911K, committed 17344K, reserved 1048576K
}
Event: 75.803 GC heap before
{Heap before GC invocations=61 (full 0):
 garbage-first heap   total 372736K, used 290816K [0x0000000080000000, 0x0000000100000000)
  region size 1024K, 117 young (119808K), 7 survivors (7168K)
 Metaspace       used 131011K, committed 131840K, reserved 1163264K
  class space    used 17237K, committed 17664K, reserved 1048576K
}
Event: 75.815 GC heap after
{Heap after GC invocations=62 (full 0):
 garbage-first heap   total 372736K, used 181674K [0x0000000080000000, 0x0000000100000000)
  region size 1024K, 13 young (13312K), 13 survivors (13312K)
 Metaspace       used 131011K, committed 131840K, reserved 1163264K
  class space    used 17237K, committed 17664K, reserved 1048576K
}
Event: 75.835 GC heap before
{Heap before GC invocations=62 (full 0):
 garbage-first heap   total 372736K, used 186794K [0x0000000080000000, 0x0000000100000000)
  region size 1024K, 18 young (18432K), 13 survivors (13312K)
 Metaspace       used 131011K, committed 131840K, reserved 1163264K
  class space    used 17237K, committed 17664K, reserved 1048576K
}
Event: 75.850 GC heap after
{Heap after GC invocations=63 (full 0):
 garbage-first heap   total 372736K, used 157122K [0x0000000080000000, 0x0000000100000000)
  region size 1024K, 2 young (2048K), 2 survivors (2048K)
 Metaspace       used 131011K, committed 131840K, reserved 1163264K
  class space    used 17237K, committed 17664K, reserved 1048576K
}
Event: 77.213 GC heap before
{Heap before GC invocations=63 (full 0):
 garbage-first heap   total 372736K, used 295362K [0x0000000080000000, 0x0000000100000000)
  region size 1024K, 138 young (141312K), 2 survivors (2048K)
 Metaspace       used 131540K, committed 132416K, reserved 1171456K
  class space    used 17303K, committed 17728K, reserved 1048576K
}

